<?xml version="1.0" encoding="UTF-8"?>
<testsuite name="Test1" tests="1" skipped="0" failures="0" errors="0" timestamp="2021-09-08T14:16:11" hostname="Jim-2.local" time="0.024">
  <properties/>
  <testcase name="testAPFDCalculator()" classname="Test1" time="0.024"/>
  <system-out><![CDATA[[0.475, 0.75]
]]></system-out>
  <system-err><![CDATA[]]></system-err>
</testsuite>
